C:\USERS\SHARON\DESKTOP\ORLY FINEAL WORK !! - COPY\2-DLGGDI 1\DEBUG\DLG.PCH
C:\USERS\SHARON\DESKTOP\ORLY FINEAL WORK !! - COPY\2-DLGGDI 1\DEBUG\STDAFX.OBJ
C:\USERS\SHARON\DESKTOP\ORLY FINEAL WORK !! - COPY\2-DLGGDI 1\DEBUG\VC110.PDB
C:\USERS\SHARON\DESKTOP\ORLY FINEAL WORK !! - COPY\2-DLGGDI 1\DEBUG\DLG.OBJ
C:\USERS\SHARON\DESKTOP\ORLY FINEAL WORK !! - COPY\2-DLGGDI 1\DEBUG\DLGDLG.OBJ
C:\USERS\SHARON\DESKTOP\ORLY FINEAL WORK !! - COPY\2-DLGGDI 1\DEBUG\FIGURE.OBJ
C:\USERS\SHARON\DESKTOP\ORLY FINEAL WORK !! - COPY\2-DLGGDI 1\DEBUG\DLG.RES
C:\Users\sharon\Desktop\orly fineal work !! - Copy\2-DlgGDI 1\Debug\Dlg.obj
C:\Users\sharon\Desktop\orly fineal work !! - Copy\2-DlgGDI 1\Debug\DlgDlg.obj
C:\Users\sharon\Desktop\orly fineal work !! - Copy\2-DlgGDI 1\Debug\Figure.obj
C:\Users\sharon\Desktop\orly fineal work !! - Copy\2-DlgGDI 1\Debug\StdAfx.obj
C:\Users\sharon\Desktop\orly fineal work !! - Copy\2-DlgGDI 1\Debug\cl.command.1.tlog
C:\Users\sharon\Desktop\orly fineal work !! - Copy\2-DlgGDI 1\Debug\CL.read.1.tlog
C:\Users\sharon\Desktop\orly fineal work !! - Copy\2-DlgGDI 1\Debug\CL.write.1.tlog
C:\Users\sharon\Desktop\orly fineal work !! - Copy\2-DlgGDI 1\Debug\link.command.1.tlog
C:\Users\sharon\Desktop\orly fineal work !! - Copy\2-DlgGDI 1\Debug\link.read.1.tlog
C:\Users\sharon\Desktop\orly fineal work !! - Copy\2-DlgGDI 1\Debug\link.write.1.tlog
C:\Users\sharon\Desktop\orly fineal work !! - Copy\2-DlgGDI 1\Debug\rc.command.1.tlog
C:\Users\sharon\Desktop\orly fineal work !! - Copy\2-DlgGDI 1\Debug\rc.read.1.tlog
C:\Users\sharon\Desktop\orly fineal work !! - Copy\2-DlgGDI 1\Debug\rc.write.1.tlog
C:\Users\sharon\Desktop\orly fineal work !! - Copy\2-DlgGDI 1\Debug\Dlg.res
C:\Users\sharon\Desktop\orly fineal work !! - Copy\2-DlgGDI 1\Debug\Dlg.pch
C:\Users\sharon\Desktop\orly fineal work !! - Copy\2-DlgGDI 1\Debug\vc110.idb
C:\Users\sharon\Desktop\orly fineal work !! - Copy\2-DlgGDI 1\Debug\vc110.pdb
C:\Users\sharon\Desktop\orly fineal work !! - Copy\2-DlgGDI 1\.\Debug\Dlg.exe
